<?xml version="1.0" encoding="UTF-8"?>
<testng-results skipped="0" failed="0" ignored="0" total="1" passed="1">
  <reporter-output>
  </reporter-output>
  <suite name="Default suite" duration-ms="25847" started-at="2021-10-01T09:45:42Z" finished-at="2021-10-01T09:46:08Z">
    <groups>
    </groups>
    <test name="Default test" duration-ms="25847" started-at="2021-10-01T09:45:42Z" finished-at="2021-10-01T09:46:08Z">
      <class name="com.inetbanking.testcases.TC_LoginTest_001">
        <test-method status="PASS" signature="setUp()[pri:0, instance:com.inetbanking.testcases.TC_LoginTest_001@31ef45e3]" name="setUp" is-config="true" duration-ms="1434" started-at="2021-10-01T09:45:42Z" finished-at="2021-10-01T09:45:44Z">
          <reporter-output>
          </reporter-output>
        </test-method> <!-- setUp -->
        <test-method status="PASS" signature="loginTest()[pri:0, instance:com.inetbanking.testcases.TC_LoginTest_001@31ef45e3]" name="loginTest" duration-ms="23810" started-at="2021-10-01T09:45:44Z" finished-at="2021-10-01T09:46:08Z">
          <reporter-output>
          </reporter-output>
        </test-method> <!-- loginTest -->
        <test-method status="PASS" signature="tearDown()[pri:0, instance:com.inetbanking.testcases.TC_LoginTest_001@31ef45e3]" name="tearDown" is-config="true" duration-ms="602" started-at="2021-10-01T09:46:08Z" finished-at="2021-10-01T09:46:08Z">
          <reporter-output>
          </reporter-output>
        </test-method> <!-- tearDown -->
      </class> <!-- com.inetbanking.testcases.TC_LoginTest_001 -->
    </test> <!-- Default test -->
  </suite> <!-- Default suite -->
</testng-results>
